<?xml version="1.0" encoding="UTF-8"?>
<!-- Generated by org.testng.reporters.JUnitReportReporter -->
<testsuite skipped="0" hostname="Seachange-PC" name="TestCases.WorklistTest" tests="11" failures="0" timestamp="05 Apr 2017 12:15:27 GMT" time="71.915" errors="0">
  <testcase name="WokrlistModule" time="9.033" classname="TestCases.WorklistTest"/>
  <testcase name="Filter1" time="3.166" classname="TestCases.WorklistTest"/>
  <testcase name="Filter2" time="3.197" classname="TestCases.WorklistTest"/>
  <testcase name="Filter3" time="3.169" classname="TestCases.WorklistTest"/>
  <testcase name="Filter4" time="3.170" classname="TestCases.WorklistTest"/>
  <testcase name="Filter5" time="3.193" classname="TestCases.WorklistTest"/>
  <testcase name="Pending" time="9.449" classname="TestCases.WorklistTest"/>
  <testcase name="Completed" time="9.427" classname="TestCases.WorklistTest"/>
  <testcase name="Reworkes" time="9.385" classname="TestCases.WorklistTest"/>
  <testcase name="Verified" time="9.377" classname="TestCases.WorklistTest"/>
  <testcase name="overdue" time="9.349" classname="TestCases.WorklistTest"/>
</testsuite> <!-- TestCases.WorklistTest -->
