<?xml version="1.0" encoding="UTF-8"?>
<!-- Generated by org.testng.reporters.JUnitReportReporter -->
<testsuite skipped="0" hostname="Seachange-PC" name="TestCases.FilterTest" tests="2" failures="0" timestamp="08 May 2017 11:10:54 GMT" time="13.846" errors="0">
  <testcase name="WokrlistModule" time="7.493" classname="TestCases.FilterTest"/>
  <testcase name="Newjobcreated" time="6.353" classname="TestCases.FilterTest"/>
</testsuite> <!-- TestCases.FilterTest -->
